<?xml version="1.0" encoding="UTF-8"?>
<testsuite xmlns:xsi="http://www.w3.org/2001/XMLSchema-instance" xsi:noNamespaceSchemaLocation="https://maven.apache.org/surefire/maven-surefire-plugin/xsd/surefire-test-report-3.0.xsd" version="3.0" name="com.nishkaiv.nishkaiv.NishkaivApplicationTests" time="7.764" tests="1" errors="0" skipped="0" failures="0">
  <properties>
    <property name="java.specification.version" value="17"/>
    <property name="sun.cpu.isalist" value="amd64"/>
    <property name="sun.jnu.encoding" value="Cp1252"/>
    <property name="java.class.path" value="D:\nishkaiv\proxyController\rest-template-gateway\nishkaiv\target\test-classes;D:\nishkaiv\proxyController\rest-template-gateway\nishkaiv\target\classes;C:\Users\parim\.m2\repository\org\springframework\boot\spring-boot-starter-data-jpa\3.3.4\spring-boot-starter-data-jpa-3.3.4.jar;C:\Users\parim\.m2\repository\org\springframework\boot\spring-boot-starter-aop\3.3.4\spring-boot-starter-aop-3.3.4.jar;C:\Users\parim\.m2\repository\org\springframework\spring-aop\6.1.13\spring-aop-6.1.13.jar;C:\Users\parim\.m2\repository\org\aspectj\aspectjweaver\1.9.22.1\aspectjweaver-1.9.22.1.jar;C:\Users\parim\.m2\repository\org\springframework\boot\spring-boot-starter-jdbc\3.3.4\spring-boot-starter-jdbc-3.3.4.jar;C:\Users\parim\.m2\repository\com\zaxxer\HikariCP\5.1.0\HikariCP-5.1.0.jar;C:\Users\parim\.m2\repository\org\springframework\spring-jdbc\6.1.13\spring-jdbc-6.1.13.jar;C:\Users\parim\.m2\repository\org\hibernate\orm\hibernate-core\6.5.3.Final\hibernate-core-6.5.3.Final.jar;C:\Users\parim\.m2\repository\jakarta\persistence\jakarta.persistence-api\3.1.0\jakarta.persistence-api-3.1.0.jar;C:\Users\parim\.m2\repository\jakarta\transaction\jakarta.transaction-api\2.0.1\jakarta.transaction-api-2.0.1.jar;C:\Users\parim\.m2\repository\org\jboss\logging\jboss-logging\3.5.3.Final\jboss-logging-3.5.3.Final.jar;C:\Users\parim\.m2\repository\org\hibernate\common\hibernate-commons-annotations\6.0.6.Final\hibernate-commons-annotations-6.0.6.Final.jar;C:\Users\parim\.m2\repository\io\smallrye\jandex\3.1.2\jandex-3.1.2.jar;C:\Users\parim\.m2\repository\com\fasterxml\classmate\1.7.0\classmate-1.7.0.jar;C:\Users\parim\.m2\repository\net\bytebuddy\byte-buddy\1.14.19\byte-buddy-1.14.19.jar;C:\Users\parim\.m2\repository\org\glassfish\jaxb\jaxb-runtime\4.0.5\jaxb-runtime-4.0.5.jar;C:\Users\parim\.m2\repository\org\glassfish\jaxb\jaxb-core\4.0.5\jaxb-core-4.0.5.jar;C:\Users\parim\.m2\repository\org\eclipse\angus\angus-activation\2.0.2\angus-activation-2.0.2.jar;C:\Users\parim\.m2\repository\org\glassfish\jaxb\txw2\4.0.5\txw2-4.0.5.jar;C:\Users\parim\.m2\repository\com\sun\istack\istack-commons-runtime\4.1.2\istack-commons-runtime-4.1.2.jar;C:\Users\parim\.m2\repository\jakarta\inject\jakarta.inject-api\2.0.1\jakarta.inject-api-2.0.1.jar;C:\Users\parim\.m2\repository\org\antlr\antlr4-runtime\4.13.0\antlr4-runtime-4.13.0.jar;C:\Users\parim\.m2\repository\org\springframework\data\spring-data-jpa\3.3.4\spring-data-jpa-3.3.4.jar;C:\Users\parim\.m2\repository\org\springframework\data\spring-data-commons\3.3.4\spring-data-commons-3.3.4.jar;C:\Users\parim\.m2\repository\org\springframework\spring-orm\6.1.13\spring-orm-6.1.13.jar;C:\Users\parim\.m2\repository\org\springframework\spring-context\6.1.13\spring-context-6.1.13.jar;C:\Users\parim\.m2\repository\org\springframework\spring-tx\6.1.13\spring-tx-6.1.13.jar;C:\Users\parim\.m2\repository\org\springframework\spring-beans\6.1.13\spring-beans-6.1.13.jar;C:\Users\parim\.m2\repository\jakarta\annotation\jakarta.annotation-api\2.1.1\jakarta.annotation-api-2.1.1.jar;C:\Users\parim\.m2\repository\org\slf4j\slf4j-api\2.0.16\slf4j-api-2.0.16.jar;C:\Users\parim\.m2\repository\org\springframework\spring-aspects\6.1.13\spring-aspects-6.1.13.jar;C:\Users\parim\.m2\repository\org\springframework\boot\spring-boot-starter-web\3.3.4\spring-boot-starter-web-3.3.4.jar;C:\Users\parim\.m2\repository\org\springframework\boot\spring-boot-starter\3.3.4\spring-boot-starter-3.3.4.jar;C:\Users\parim\.m2\repository\org\springframework\boot\spring-boot-starter-logging\3.3.4\spring-boot-starter-logging-3.3.4.jar;C:\Users\parim\.m2\repository\ch\qos\logback\logback-classic\1.5.8\logback-classic-1.5.8.jar;C:\Users\parim\.m2\repository\ch\qos\logback\logback-core\1.5.8\logback-core-1.5.8.jar;C:\Users\parim\.m2\repository\org\apache\logging\log4j\log4j-to-slf4j\2.23.1\log4j-to-slf4j-2.23.1.jar;C:\Users\parim\.m2\repository\org\apache\logging\log4j\log4j-api\2.23.1\log4j-api-2.23.1.jar;C:\Users\parim\.m2\repository\org\slf4j\jul-to-slf4j\2.0.16\jul-to-slf4j-2.0.16.jar;C:\Users\parim\.m2\repository\org\yaml\snakeyaml\2.2\snakeyaml-2.2.jar;C:\Users\parim\.m2\repository\org\springframework\boot\spring-boot-starter-json\3.3.4\spring-boot-starter-json-3.3.4.jar;C:\Users\parim\.m2\repository\com\fasterxml\jackson\core\jackson-databind\2.17.2\jackson-databind-2.17.2.jar;C:\Users\parim\.m2\repository\com\fasterxml\jackson\core\jackson-annotations\2.17.2\jackson-annotations-2.17.2.jar;C:\Users\parim\.m2\repository\com\fasterxml\jackson\core\jackson-core\2.17.2\jackson-core-2.17.2.jar;C:\Users\parim\.m2\repository\com\fasterxml\jackson\datatype\jackson-datatype-jdk8\2.17.2\jackson-datatype-jdk8-2.17.2.jar;C:\Users\parim\.m2\repository\com\fasterxml\jackson\datatype\jackson-datatype-jsr310\2.17.2\jackson-datatype-jsr310-2.17.2.jar;C:\Users\parim\.m2\repository\com\fasterxml\jackson\module\jackson-module-parameter-names\2.17.2\jackson-module-parameter-names-2.17.2.jar;C:\Users\parim\.m2\repository\org\springframework\boot\spring-boot-starter-tomcat\3.3.4\spring-boot-starter-tomcat-3.3.4.jar;C:\Users\parim\.m2\repository\org\apache\tomcat\embed\tomcat-embed-core\10.1.30\tomcat-embed-core-10.1.30.jar;C:\Users\parim\.m2\repository\org\apache\tomcat\embed\tomcat-embed-el\10.1.30\tomcat-embed-el-10.1.30.jar;C:\Users\parim\.m2\repository\org\apache\tomcat\embed\tomcat-embed-websocket\10.1.30\tomcat-embed-websocket-10.1.30.jar;C:\Users\parim\.m2\repository\org\springframework\spring-web\6.1.13\spring-web-6.1.13.jar;C:\Users\parim\.m2\repository\io\micrometer\micrometer-observation\1.13.4\micrometer-observation-1.13.4.jar;C:\Users\parim\.m2\repository\org\springframework\spring-webmvc\6.1.13\spring-webmvc-6.1.13.jar;C:\Users\parim\.m2\repository\org\springframework\spring-expression\6.1.13\spring-expression-6.1.13.jar;C:\Users\parim\.m2\repository\org\springframework\boot\spring-boot-devtools\3.3.4\spring-boot-devtools-3.3.4.jar;C:\Users\parim\.m2\repository\org\springframework\boot\spring-boot\3.3.4\spring-boot-3.3.4.jar;C:\Users\parim\.m2\repository\org\springframework\boot\spring-boot-autoconfigure\3.3.4\spring-boot-autoconfigure-3.3.4.jar;C:\Users\parim\.m2\repository\org\springframework\boot\spring-boot-starter-test\3.3.4\spring-boot-starter-test-3.3.4.jar;C:\Users\parim\.m2\repository\org\springframework\boot\spring-boot-test\3.3.4\spring-boot-test-3.3.4.jar;C:\Users\parim\.m2\repository\org\springframework\boot\spring-boot-test-autoconfigure\3.3.4\spring-boot-test-autoconfigure-3.3.4.jar;C:\Users\parim\.m2\repository\com\jayway\jsonpath\json-path\2.9.0\json-path-2.9.0.jar;C:\Users\parim\.m2\repository\jakarta\xml\bind\jakarta.xml.bind-api\4.0.2\jakarta.xml.bind-api-4.0.2.jar;C:\Users\parim\.m2\repository\jakarta\activation\jakarta.activation-api\2.1.3\jakarta.activation-api-2.1.3.jar;C:\Users\parim\.m2\repository\net\minidev\json-smart\2.5.1\json-smart-2.5.1.jar;C:\Users\parim\.m2\repository\net\minidev\accessors-smart\2.5.1\accessors-smart-2.5.1.jar;C:\Users\parim\.m2\repository\org\ow2\asm\asm\9.6\asm-9.6.jar;C:\Users\parim\.m2\repository\org\assertj\assertj-core\3.25.3\assertj-core-3.25.3.jar;C:\Users\parim\.m2\repository\org\awaitility\awaitility\4.2.2\awaitility-4.2.2.jar;C:\Users\parim\.m2\repository\org\hamcrest\hamcrest\2.2\hamcrest-2.2.jar;C:\Users\parim\.m2\repository\org\junit\jupiter\junit-jupiter\5.10.3\junit-jupiter-5.10.3.jar;C:\Users\parim\.m2\repository\org\junit\jupiter\junit-jupiter-api\5.10.3\junit-jupiter-api-5.10.3.jar;C:\Users\parim\.m2\repository\org\opentest4j\opentest4j\1.3.0\opentest4j-1.3.0.jar;C:\Users\parim\.m2\repository\org\junit\platform\junit-platform-commons\1.10.3\junit-platform-commons-1.10.3.jar;C:\Users\parim\.m2\repository\org\apiguardian\apiguardian-api\1.1.2\apiguardian-api-1.1.2.jar;C:\Users\parim\.m2\repository\org\junit\jupiter\junit-jupiter-params\5.10.3\junit-jupiter-params-5.10.3.jar;C:\Users\parim\.m2\repository\org\junit\jupiter\junit-jupiter-engine\5.10.3\junit-jupiter-engine-5.10.3.jar;C:\Users\parim\.m2\repository\org\junit\platform\junit-platform-engine\1.10.3\junit-platform-engine-1.10.3.jar;C:\Users\parim\.m2\repository\org\mockito\mockito-core\5.11.0\mockito-core-5.11.0.jar;C:\Users\parim\.m2\repository\net\bytebuddy\byte-buddy-agent\1.14.19\byte-buddy-agent-1.14.19.jar;C:\Users\parim\.m2\repository\org\objenesis\objenesis\3.3\objenesis-3.3.jar;C:\Users\parim\.m2\repository\org\mockito\mockito-junit-jupiter\5.11.0\mockito-junit-jupiter-5.11.0.jar;C:\Users\parim\.m2\repository\org\skyscreamer\jsonassert\1.5.3\jsonassert-1.5.3.jar;C:\Users\parim\.m2\repository\com\vaadin\external\google\android-json\0.0.20131108.vaadin1\android-json-0.0.20131108.vaadin1.jar;C:\Users\parim\.m2\repository\org\springframework\spring-core\6.1.13\spring-core-6.1.13.jar;C:\Users\parim\.m2\repository\org\springframework\spring-jcl\6.1.13\spring-jcl-6.1.13.jar;C:\Users\parim\.m2\repository\org\springframework\spring-test\6.1.13\spring-test-6.1.13.jar;C:\Users\parim\.m2\repository\org\xmlunit\xmlunit-core\2.9.1\xmlunit-core-2.9.1.jar;C:\Users\parim\.m2\repository\io\opentelemetry\instrumentation\opentelemetry-spring-boot-starter\1.30.0-alpha\opentelemetry-spring-boot-starter-1.30.0-alpha.jar;C:\Users\parim\.m2\repository\io\opentelemetry\instrumentation\opentelemetry-spring-boot\1.30.0-alpha\opentelemetry-spring-boot-1.30.0-alpha.jar;C:\Users\parim\.m2\repository\javax\validation\validation-api\2.0.1.Final\validation-api-2.0.1.Final.jar;C:\Users\parim\.m2\repository\io\opentelemetry\instrumentation\opentelemetry-instrumentation-annotations-support\1.30.0-alpha\opentelemetry-instrumentation-annotations-support-1.30.0-alpha.jar;C:\Users\parim\.m2\repository\io\opentelemetry\instrumentation\opentelemetry-spring-kafka-2.7\1.30.0-alpha\opentelemetry-spring-kafka-2.7-1.30.0-alpha.jar;C:\Users\parim\.m2\repository\io\opentelemetry\instrumentation\opentelemetry-spring-web-3.1\1.30.0-alpha\opentelemetry-spring-web-3.1-1.30.0-alpha.jar;C:\Users\parim\.m2\repository\io\opentelemetry\instrumentation\opentelemetry-spring-webmvc-5.3\1.30.0-alpha\opentelemetry-spring-webmvc-5.3-1.30.0-alpha.jar;C:\Users\parim\.m2\repository\io\opentelemetry\instrumentation\opentelemetry-spring-webmvc-6.0\1.30.0-alpha\opentelemetry-spring-webmvc-6.0-1.30.0-alpha.jar;C:\Users\parim\.m2\repository\io\opentelemetry\instrumentation\opentelemetry-spring-webflux-5.3\1.30.0-alpha\opentelemetry-spring-webflux-5.3-1.30.0-alpha.jar;C:\Users\parim\.m2\repository\io\opentelemetry\instrumentation\opentelemetry-reactor-3.1\1.30.0-alpha\opentelemetry-reactor-3.1-1.30.0-alpha.jar;C:\Users\parim\.m2\repository\io\opentelemetry\instrumentation\opentelemetry-micrometer-1.5\1.30.0-alpha\opentelemetry-micrometer-1.5-1.30.0-alpha.jar;C:\Users\parim\.m2\repository\io\opentelemetry\instrumentation\opentelemetry-log4j-appender-2.17\1.30.0-alpha\opentelemetry-log4j-appender-2.17-1.30.0-alpha.jar;C:\Users\parim\.m2\repository\io\opentelemetry\instrumentation\opentelemetry-logback-appender-1.0\1.30.0-alpha\opentelemetry-logback-appender-1.0-1.30.0-alpha.jar;C:\Users\parim\.m2\repository\io\opentelemetry\opentelemetry-sdk-extension-autoconfigure-spi\1.37.0\opentelemetry-sdk-extension-autoconfigure-spi-1.37.0.jar;C:\Users\parim\.m2\repository\io\opentelemetry\opentelemetry-api\1.37.0\opentelemetry-api-1.37.0.jar;C:\Users\parim\.m2\repository\io\opentelemetry\opentelemetry-context\1.37.0\opentelemetry-context-1.37.0.jar;C:\Users\parim\.m2\repository\io\opentelemetry\opentelemetry-exporter-logging\1.37.0\opentelemetry-exporter-logging-1.37.0.jar;C:\Users\parim\.m2\repository\io\opentelemetry\opentelemetry-exporter-otlp\1.37.0\opentelemetry-exporter-otlp-1.37.0.jar;C:\Users\parim\.m2\repository\io\opentelemetry\opentelemetry-sdk-trace\1.37.0\opentelemetry-sdk-trace-1.37.0.jar;C:\Users\parim\.m2\repository\io\opentelemetry\opentelemetry-sdk-metrics\1.37.0\opentelemetry-sdk-metrics-1.37.0.jar;C:\Users\parim\.m2\repository\io\opentelemetry\opentelemetry-api-incubator\1.37.0-alpha\opentelemetry-api-incubator-1.37.0-alpha.jar;C:\Users\parim\.m2\repository\io\opentelemetry\opentelemetry-sdk-logs\1.37.0\opentelemetry-sdk-logs-1.37.0.jar;C:\Users\parim\.m2\repository\io\opentelemetry\opentelemetry-exporter-otlp-common\1.37.0\opentelemetry-exporter-otlp-common-1.37.0.jar;C:\Users\parim\.m2\repository\io\opentelemetry\opentelemetry-exporter-common\1.37.0\opentelemetry-exporter-common-1.37.0.jar;C:\Users\parim\.m2\repository\io\opentelemetry\opentelemetry-exporter-sender-okhttp\1.37.0\opentelemetry-exporter-sender-okhttp-1.37.0.jar;C:\Users\parim\.m2\repository\com\squareup\okhttp3\okhttp\4.12.0\okhttp-4.12.0.jar;C:\Users\parim\.m2\repository\com\squareup\okio\okio\3.6.0\okio-3.6.0.jar;C:\Users\parim\.m2\repository\com\squareup\okio\okio-jvm\3.6.0\okio-jvm-3.6.0.jar;C:\Users\parim\.m2\repository\org\jetbrains\kotlin\kotlin-stdlib-common\1.9.25\kotlin-stdlib-common-1.9.25.jar;C:\Users\parim\.m2\repository\org\jetbrains\kotlin\kotlin-stdlib-jdk8\1.9.25\kotlin-stdlib-jdk8-1.9.25.jar;C:\Users\parim\.m2\repository\org\jetbrains\kotlin\kotlin-stdlib\1.9.25\kotlin-stdlib-1.9.25.jar;C:\Users\parim\.m2\repository\org\jetbrains\annotations\13.0\annotations-13.0.jar;C:\Users\parim\.m2\repository\org\jetbrains\kotlin\kotlin-stdlib-jdk7\1.9.25\kotlin-stdlib-jdk7-1.9.25.jar;C:\Users\parim\.m2\repository\io\opentelemetry\opentelemetry-sdk\1.37.0\opentelemetry-sdk-1.37.0.jar;C:\Users\parim\.m2\repository\io\opentelemetry\opentelemetry-sdk-common\1.37.0\opentelemetry-sdk-common-1.37.0.jar;C:\Users\parim\.m2\repository\io\opentelemetry\instrumentation\opentelemetry-instrumentation-annotations\1.30.0\opentelemetry-instrumentation-annotations-1.30.0.jar;C:\Users\parim\.m2\repository\io\opentelemetry\instrumentation\opentelemetry-kafka-clients-2.6\1.30.0-alpha\opentelemetry-kafka-clients-2.6-1.30.0-alpha.jar;C:\Users\parim\.m2\repository\io\opentelemetry\instrumentation\opentelemetry-instrumentation-api\1.30.0\opentelemetry-instrumentation-api-1.30.0.jar;C:\Users\parim\.m2\repository\io\opentelemetry\opentelemetry-extension-incubator\1.30.1-alpha\opentelemetry-extension-incubator-1.30.1-alpha.jar;C:\Users\parim\.m2\repository\io\opentelemetry\instrumentation\opentelemetry-instrumentation-api-semconv\1.30.0-alpha\opentelemetry-instrumentation-api-semconv-1.30.0-alpha.jar;C:\Users\parim\.m2\repository\io\opentelemetry\semconv\opentelemetry-semconv\1.21.0-alpha\opentelemetry-semconv-1.21.0-alpha.jar;C:\Users\parim\.m2\repository\io\opentelemetry\instrumentation\opentelemetry-kafka-clients-common\1.30.0-alpha\opentelemetry-kafka-clients-common-1.30.0-alpha.jar;C:\Users\parim\.m2\repository\io\micrometer\micrometer-registry-prometheus\1.13.4\micrometer-registry-prometheus-1.13.4.jar;C:\Users\parim\.m2\repository\io\micrometer\micrometer-core\1.13.4\micrometer-core-1.13.4.jar;C:\Users\parim\.m2\repository\io\micrometer\micrometer-commons\1.13.4\micrometer-commons-1.13.4.jar;C:\Users\parim\.m2\repository\org\hdrhistogram\HdrHistogram\2.2.2\HdrHistogram-2.2.2.jar;C:\Users\parim\.m2\repository\org\latencyutils\LatencyUtils\2.0.3\LatencyUtils-2.0.3.jar;C:\Users\parim\.m2\repository\io\prometheus\prometheus-metrics-core\1.2.1\prometheus-metrics-core-1.2.1.jar;C:\Users\parim\.m2\repository\io\prometheus\prometheus-metrics-model\1.2.1\prometheus-metrics-model-1.2.1.jar;C:\Users\parim\.m2\repository\io\prometheus\prometheus-metrics-config\1.2.1\prometheus-metrics-config-1.2.1.jar;C:\Users\parim\.m2\repository\io\prometheus\prometheus-metrics-tracer-common\1.2.1\prometheus-metrics-tracer-common-1.2.1.jar;C:\Users\parim\.m2\repository\io\prometheus\prometheus-metrics-exposition-formats\1.2.1\prometheus-metrics-exposition-formats-1.2.1.jar;C:\Users\parim\.m2\repository\io\prometheus\prometheus-metrics-shaded-protobuf\1.2.1\prometheus-metrics-shaded-protobuf-1.2.1.jar;"/>
    <property name="java.vm.vendor" value="Microsoft"/>
    <property name="sun.arch.data.model" value="64"/>
    <property name="user.variant" value=""/>
    <property name="java.vendor.url" value="https://www.microsoft.com"/>
    <property name="user.timezone" value="Asia/Calcutta"/>
    <property name="org.jboss.logging.provider" value="slf4j"/>
    <property name="os.name" value="Windows 11"/>
    <property name="java.vm.specification.version" value="17"/>
    <property name="sun.java.launcher" value="SUN_STANDARD"/>
    <property name="user.country" value="IN"/>
    <property name="sun.boot.library.path" value="C:\Program Files\Microsoft\jdk-17.0.11.9-hotspot\bin"/>
    <property name="sun.java.command" value="C:\Users\parim\AppData\Local\Temp\surefire7440164370587734560\surefirebooter-20241010160019826_3.jar C:\Users\parim\AppData\Local\Temp\surefire7440164370587734560 2024-10-10T16-00-19_451-jvmRun1 surefire-20241010160019826_1tmp surefire_0-20241010160019826_2tmp"/>
    <property name="jdk.debug" value="release"/>
    <property name="surefire.test.class.path" value="D:\nishkaiv\proxyController\rest-template-gateway\nishkaiv\target\test-classes;D:\nishkaiv\proxyController\rest-template-gateway\nishkaiv\target\classes;C:\Users\parim\.m2\repository\org\springframework\boot\spring-boot-starter-data-jpa\3.3.4\spring-boot-starter-data-jpa-3.3.4.jar;C:\Users\parim\.m2\repository\org\springframework\boot\spring-boot-starter-aop\3.3.4\spring-boot-starter-aop-3.3.4.jar;C:\Users\parim\.m2\repository\org\springframework\spring-aop\6.1.13\spring-aop-6.1.13.jar;C:\Users\parim\.m2\repository\org\aspectj\aspectjweaver\1.9.22.1\aspectjweaver-1.9.22.1.jar;C:\Users\parim\.m2\repository\org\springframework\boot\spring-boot-starter-jdbc\3.3.4\spring-boot-starter-jdbc-3.3.4.jar;C:\Users\parim\.m2\repository\com\zaxxer\HikariCP\5.1.0\HikariCP-5.1.0.jar;C:\Users\parim\.m2\repository\org\springframework\spring-jdbc\6.1.13\spring-jdbc-6.1.13.jar;C:\Users\parim\.m2\repository\org\hibernate\orm\hibernate-core\6.5.3.Final\hibernate-core-6.5.3.Final.jar;C:\Users\parim\.m2\repository\jakarta\persistence\jakarta.persistence-api\3.1.0\jakarta.persistence-api-3.1.0.jar;C:\Users\parim\.m2\repository\jakarta\transaction\jakarta.transaction-api\2.0.1\jakarta.transaction-api-2.0.1.jar;C:\Users\parim\.m2\repository\org\jboss\logging\jboss-logging\3.5.3.Final\jboss-logging-3.5.3.Final.jar;C:\Users\parim\.m2\repository\org\hibernate\common\hibernate-commons-annotations\6.0.6.Final\hibernate-commons-annotations-6.0.6.Final.jar;C:\Users\parim\.m2\repository\io\smallrye\jandex\3.1.2\jandex-3.1.2.jar;C:\Users\parim\.m2\repository\com\fasterxml\classmate\1.7.0\classmate-1.7.0.jar;C:\Users\parim\.m2\repository\net\bytebuddy\byte-buddy\1.14.19\byte-buddy-1.14.19.jar;C:\Users\parim\.m2\repository\org\glassfish\jaxb\jaxb-runtime\4.0.5\jaxb-runtime-4.0.5.jar;C:\Users\parim\.m2\repository\org\glassfish\jaxb\jaxb-core\4.0.5\jaxb-core-4.0.5.jar;C:\Users\parim\.m2\repository\org\eclipse\angus\angus-activation\2.0.2\angus-activation-2.0.2.jar;C:\Users\parim\.m2\repository\org\glassfish\jaxb\txw2\4.0.5\txw2-4.0.5.jar;C:\Users\parim\.m2\repository\com\sun\istack\istack-commons-runtime\4.1.2\istack-commons-runtime-4.1.2.jar;C:\Users\parim\.m2\repository\jakarta\inject\jakarta.inject-api\2.0.1\jakarta.inject-api-2.0.1.jar;C:\Users\parim\.m2\repository\org\antlr\antlr4-runtime\4.13.0\antlr4-runtime-4.13.0.jar;C:\Users\parim\.m2\repository\org\springframework\data\spring-data-jpa\3.3.4\spring-data-jpa-3.3.4.jar;C:\Users\parim\.m2\repository\org\springframework\data\spring-data-commons\3.3.4\spring-data-commons-3.3.4.jar;C:\Users\parim\.m2\repository\org\springframework\spring-orm\6.1.13\spring-orm-6.1.13.jar;C:\Users\parim\.m2\repository\org\springframework\spring-context\6.1.13\spring-context-6.1.13.jar;C:\Users\parim\.m2\repository\org\springframework\spring-tx\6.1.13\spring-tx-6.1.13.jar;C:\Users\parim\.m2\repository\org\springframework\spring-beans\6.1.13\spring-beans-6.1.13.jar;C:\Users\parim\.m2\repository\jakarta\annotation\jakarta.annotation-api\2.1.1\jakarta.annotation-api-2.1.1.jar;C:\Users\parim\.m2\repository\org\slf4j\slf4j-api\2.0.16\slf4j-api-2.0.16.jar;C:\Users\parim\.m2\repository\org\springframework\spring-aspects\6.1.13\spring-aspects-6.1.13.jar;C:\Users\parim\.m2\repository\org\springframework\boot\spring-boot-starter-web\3.3.4\spring-boot-starter-web-3.3.4.jar;C:\Users\parim\.m2\repository\org\springframework\boot\spring-boot-starter\3.3.4\spring-boot-starter-3.3.4.jar;C:\Users\parim\.m2\repository\org\springframework\boot\spring-boot-starter-logging\3.3.4\spring-boot-starter-logging-3.3.4.jar;C:\Users\parim\.m2\repository\ch\qos\logback\logback-classic\1.5.8\logback-classic-1.5.8.jar;C:\Users\parim\.m2\repository\ch\qos\logback\logback-core\1.5.8\logback-core-1.5.8.jar;C:\Users\parim\.m2\repository\org\apache\logging\log4j\log4j-to-slf4j\2.23.1\log4j-to-slf4j-2.23.1.jar;C:\Users\parim\.m2\repository\org\apache\logging\log4j\log4j-api\2.23.1\log4j-api-2.23.1.jar;C:\Users\parim\.m2\repository\org\slf4j\jul-to-slf4j\2.0.16\jul-to-slf4j-2.0.16.jar;C:\Users\parim\.m2\repository\org\yaml\snakeyaml\2.2\snakeyaml-2.2.jar;C:\Users\parim\.m2\repository\org\springframework\boot\spring-boot-starter-json\3.3.4\spring-boot-starter-json-3.3.4.jar;C:\Users\parim\.m2\repository\com\fasterxml\jackson\core\jackson-databind\2.17.2\jackson-databind-2.17.2.jar;C:\Users\parim\.m2\repository\com\fasterxml\jackson\core\jackson-annotations\2.17.2\jackson-annotations-2.17.2.jar;C:\Users\parim\.m2\repository\com\fasterxml\jackson\core\jackson-core\2.17.2\jackson-core-2.17.2.jar;C:\Users\parim\.m2\repository\com\fasterxml\jackson\datatype\jackson-datatype-jdk8\2.17.2\jackson-datatype-jdk8-2.17.2.jar;C:\Users\parim\.m2\repository\com\fasterxml\jackson\datatype\jackson-datatype-jsr310\2.17.2\jackson-datatype-jsr310-2.17.2.jar;C:\Users\parim\.m2\repository\com\fasterxml\jackson\module\jackson-module-parameter-names\2.17.2\jackson-module-parameter-names-2.17.2.jar;C:\Users\parim\.m2\repository\org\springframework\boot\spring-boot-starter-tomcat\3.3.4\spring-boot-starter-tomcat-3.3.4.jar;C:\Users\parim\.m2\repository\org\apache\tomcat\embed\tomcat-embed-core\10.1.30\tomcat-embed-core-10.1.30.jar;C:\Users\parim\.m2\repository\org\apache\tomcat\embed\tomcat-embed-el\10.1.30\tomcat-embed-el-10.1.30.jar;C:\Users\parim\.m2\repository\org\apache\tomcat\embed\tomcat-embed-websocket\10.1.30\tomcat-embed-websocket-10.1.30.jar;C:\Users\parim\.m2\repository\org\springframework\spring-web\6.1.13\spring-web-6.1.13.jar;C:\Users\parim\.m2\repository\io\micrometer\micrometer-observation\1.13.4\micrometer-observation-1.13.4.jar;C:\Users\parim\.m2\repository\org\springframework\spring-webmvc\6.1.13\spring-webmvc-6.1.13.jar;C:\Users\parim\.m2\repository\org\springframework\spring-expression\6.1.13\spring-expression-6.1.13.jar;C:\Users\parim\.m2\repository\org\springframework\boot\spring-boot-devtools\3.3.4\spring-boot-devtools-3.3.4.jar;C:\Users\parim\.m2\repository\org\springframework\boot\spring-boot\3.3.4\spring-boot-3.3.4.jar;C:\Users\parim\.m2\repository\org\springframework\boot\spring-boot-autoconfigure\3.3.4\spring-boot-autoconfigure-3.3.4.jar;C:\Users\parim\.m2\repository\org\springframework\boot\spring-boot-starter-test\3.3.4\spring-boot-starter-test-3.3.4.jar;C:\Users\parim\.m2\repository\org\springframework\boot\spring-boot-test\3.3.4\spring-boot-test-3.3.4.jar;C:\Users\parim\.m2\repository\org\springframework\boot\spring-boot-test-autoconfigure\3.3.4\spring-boot-test-autoconfigure-3.3.4.jar;C:\Users\parim\.m2\repository\com\jayway\jsonpath\json-path\2.9.0\json-path-2.9.0.jar;C:\Users\parim\.m2\repository\jakarta\xml\bind\jakarta.xml.bind-api\4.0.2\jakarta.xml.bind-api-4.0.2.jar;C:\Users\parim\.m2\repository\jakarta\activation\jakarta.activation-api\2.1.3\jakarta.activation-api-2.1.3.jar;C:\Users\parim\.m2\repository\net\minidev\json-smart\2.5.1\json-smart-2.5.1.jar;C:\Users\parim\.m2\repository\net\minidev\accessors-smart\2.5.1\accessors-smart-2.5.1.jar;C:\Users\parim\.m2\repository\org\ow2\asm\asm\9.6\asm-9.6.jar;C:\Users\parim\.m2\repository\org\assertj\assertj-core\3.25.3\assertj-core-3.25.3.jar;C:\Users\parim\.m2\repository\org\awaitility\awaitility\4.2.2\awaitility-4.2.2.jar;C:\Users\parim\.m2\repository\org\hamcrest\hamcrest\2.2\hamcrest-2.2.jar;C:\Users\parim\.m2\repository\org\junit\jupiter\junit-jupiter\5.10.3\junit-jupiter-5.10.3.jar;C:\Users\parim\.m2\repository\org\junit\jupiter\junit-jupiter-api\5.10.3\junit-jupiter-api-5.10.3.jar;C:\Users\parim\.m2\repository\org\opentest4j\opentest4j\1.3.0\opentest4j-1.3.0.jar;C:\Users\parim\.m2\repository\org\junit\platform\junit-platform-commons\1.10.3\junit-platform-commons-1.10.3.jar;C:\Users\parim\.m2\repository\org\apiguardian\apiguardian-api\1.1.2\apiguardian-api-1.1.2.jar;C:\Users\parim\.m2\repository\org\junit\jupiter\junit-jupiter-params\5.10.3\junit-jupiter-params-5.10.3.jar;C:\Users\parim\.m2\repository\org\junit\jupiter\junit-jupiter-engine\5.10.3\junit-jupiter-engine-5.10.3.jar;C:\Users\parim\.m2\repository\org\junit\platform\junit-platform-engine\1.10.3\junit-platform-engine-1.10.3.jar;C:\Users\parim\.m2\repository\org\mockito\mockito-core\5.11.0\mockito-core-5.11.0.jar;C:\Users\parim\.m2\repository\net\bytebuddy\byte-buddy-agent\1.14.19\byte-buddy-agent-1.14.19.jar;C:\Users\parim\.m2\repository\org\objenesis\objenesis\3.3\objenesis-3.3.jar;C:\Users\parim\.m2\repository\org\mockito\mockito-junit-jupiter\5.11.0\mockito-junit-jupiter-5.11.0.jar;C:\Users\parim\.m2\repository\org\skyscreamer\jsonassert\1.5.3\jsonassert-1.5.3.jar;C:\Users\parim\.m2\repository\com\vaadin\external\google\android-json\0.0.20131108.vaadin1\android-json-0.0.20131108.vaadin1.jar;C:\Users\parim\.m2\repository\org\springframework\spring-core\6.1.13\spring-core-6.1.13.jar;C:\Users\parim\.m2\repository\org\springframework\spring-jcl\6.1.13\spring-jcl-6.1.13.jar;C:\Users\parim\.m2\repository\org\springframework\spring-test\6.1.13\spring-test-6.1.13.jar;C:\Users\parim\.m2\repository\org\xmlunit\xmlunit-core\2.9.1\xmlunit-core-2.9.1.jar;C:\Users\parim\.m2\repository\io\opentelemetry\instrumentation\opentelemetry-spring-boot-starter\1.30.0-alpha\opentelemetry-spring-boot-starter-1.30.0-alpha.jar;C:\Users\parim\.m2\repository\io\opentelemetry\instrumentation\opentelemetry-spring-boot\1.30.0-alpha\opentelemetry-spring-boot-1.30.0-alpha.jar;C:\Users\parim\.m2\repository\javax\validation\validation-api\2.0.1.Final\validation-api-2.0.1.Final.jar;C:\Users\parim\.m2\repository\io\opentelemetry\instrumentation\opentelemetry-instrumentation-annotations-support\1.30.0-alpha\opentelemetry-instrumentation-annotations-support-1.30.0-alpha.jar;C:\Users\parim\.m2\repository\io\opentelemetry\instrumentation\opentelemetry-spring-kafka-2.7\1.30.0-alpha\opentelemetry-spring-kafka-2.7-1.30.0-alpha.jar;C:\Users\parim\.m2\repository\io\opentelemetry\instrumentation\opentelemetry-spring-web-3.1\1.30.0-alpha\opentelemetry-spring-web-3.1-1.30.0-alpha.jar;C:\Users\parim\.m2\repository\io\opentelemetry\instrumentation\opentelemetry-spring-webmvc-5.3\1.30.0-alpha\opentelemetry-spring-webmvc-5.3-1.30.0-alpha.jar;C:\Users\parim\.m2\repository\io\opentelemetry\instrumentation\opentelemetry-spring-webmvc-6.0\1.30.0-alpha\opentelemetry-spring-webmvc-6.0-1.30.0-alpha.jar;C:\Users\parim\.m2\repository\io\opentelemetry\instrumentation\opentelemetry-spring-webflux-5.3\1.30.0-alpha\opentelemetry-spring-webflux-5.3-1.30.0-alpha.jar;C:\Users\parim\.m2\repository\io\opentelemetry\instrumentation\opentelemetry-reactor-3.1\1.30.0-alpha\opentelemetry-reactor-3.1-1.30.0-alpha.jar;C:\Users\parim\.m2\repository\io\opentelemetry\instrumentation\opentelemetry-micrometer-1.5\1.30.0-alpha\opentelemetry-micrometer-1.5-1.30.0-alpha.jar;C:\Users\parim\.m2\repository\io\opentelemetry\instrumentation\opentelemetry-log4j-appender-2.17\1.30.0-alpha\opentelemetry-log4j-appender-2.17-1.30.0-alpha.jar;C:\Users\parim\.m2\repository\io\opentelemetry\instrumentation\opentelemetry-logback-appender-1.0\1.30.0-alpha\opentelemetry-logback-appender-1.0-1.30.0-alpha.jar;C:\Users\parim\.m2\repository\io\opentelemetry\opentelemetry-sdk-extension-autoconfigure-spi\1.37.0\opentelemetry-sdk-extension-autoconfigure-spi-1.37.0.jar;C:\Users\parim\.m2\repository\io\opentelemetry\opentelemetry-api\1.37.0\opentelemetry-api-1.37.0.jar;C:\Users\parim\.m2\repository\io\opentelemetry\opentelemetry-context\1.37.0\opentelemetry-context-1.37.0.jar;C:\Users\parim\.m2\repository\io\opentelemetry\opentelemetry-exporter-logging\1.37.0\opentelemetry-exporter-logging-1.37.0.jar;C:\Users\parim\.m2\repository\io\opentelemetry\opentelemetry-exporter-otlp\1.37.0\opentelemetry-exporter-otlp-1.37.0.jar;C:\Users\parim\.m2\repository\io\opentelemetry\opentelemetry-sdk-trace\1.37.0\opentelemetry-sdk-trace-1.37.0.jar;C:\Users\parim\.m2\repository\io\opentelemetry\opentelemetry-sdk-metrics\1.37.0\opentelemetry-sdk-metrics-1.37.0.jar;C:\Users\parim\.m2\repository\io\opentelemetry\opentelemetry-api-incubator\1.37.0-alpha\opentelemetry-api-incubator-1.37.0-alpha.jar;C:\Users\parim\.m2\repository\io\opentelemetry\opentelemetry-sdk-logs\1.37.0\opentelemetry-sdk-logs-1.37.0.jar;C:\Users\parim\.m2\repository\io\opentelemetry\opentelemetry-exporter-otlp-common\1.37.0\opentelemetry-exporter-otlp-common-1.37.0.jar;C:\Users\parim\.m2\repository\io\opentelemetry\opentelemetry-exporter-common\1.37.0\opentelemetry-exporter-common-1.37.0.jar;C:\Users\parim\.m2\repository\io\opentelemetry\opentelemetry-exporter-sender-okhttp\1.37.0\opentelemetry-exporter-sender-okhttp-1.37.0.jar;C:\Users\parim\.m2\repository\com\squareup\okhttp3\okhttp\4.12.0\okhttp-4.12.0.jar;C:\Users\parim\.m2\repository\com\squareup\okio\okio\3.6.0\okio-3.6.0.jar;C:\Users\parim\.m2\repository\com\squareup\okio\okio-jvm\3.6.0\okio-jvm-3.6.0.jar;C:\Users\parim\.m2\repository\org\jetbrains\kotlin\kotlin-stdlib-common\1.9.25\kotlin-stdlib-common-1.9.25.jar;C:\Users\parim\.m2\repository\org\jetbrains\kotlin\kotlin-stdlib-jdk8\1.9.25\kotlin-stdlib-jdk8-1.9.25.jar;C:\Users\parim\.m2\repository\org\jetbrains\kotlin\kotlin-stdlib\1.9.25\kotlin-stdlib-1.9.25.jar;C:\Users\parim\.m2\repository\org\jetbrains\annotations\13.0\annotations-13.0.jar;C:\Users\parim\.m2\repository\org\jetbrains\kotlin\kotlin-stdlib-jdk7\1.9.25\kotlin-stdlib-jdk7-1.9.25.jar;C:\Users\parim\.m2\repository\io\opentelemetry\opentelemetry-sdk\1.37.0\opentelemetry-sdk-1.37.0.jar;C:\Users\parim\.m2\repository\io\opentelemetry\opentelemetry-sdk-common\1.37.0\opentelemetry-sdk-common-1.37.0.jar;C:\Users\parim\.m2\repository\io\opentelemetry\instrumentation\opentelemetry-instrumentation-annotations\1.30.0\opentelemetry-instrumentation-annotations-1.30.0.jar;C:\Users\parim\.m2\repository\io\opentelemetry\instrumentation\opentelemetry-kafka-clients-2.6\1.30.0-alpha\opentelemetry-kafka-clients-2.6-1.30.0-alpha.jar;C:\Users\parim\.m2\repository\io\opentelemetry\instrumentation\opentelemetry-instrumentation-api\1.30.0\opentelemetry-instrumentation-api-1.30.0.jar;C:\Users\parim\.m2\repository\io\opentelemetry\opentelemetry-extension-incubator\1.30.1-alpha\opentelemetry-extension-incubator-1.30.1-alpha.jar;C:\Users\parim\.m2\repository\io\opentelemetry\instrumentation\opentelemetry-instrumentation-api-semconv\1.30.0-alpha\opentelemetry-instrumentation-api-semconv-1.30.0-alpha.jar;C:\Users\parim\.m2\repository\io\opentelemetry\semconv\opentelemetry-semconv\1.21.0-alpha\opentelemetry-semconv-1.21.0-alpha.jar;C:\Users\parim\.m2\repository\io\opentelemetry\instrumentation\opentelemetry-kafka-clients-common\1.30.0-alpha\opentelemetry-kafka-clients-common-1.30.0-alpha.jar;C:\Users\parim\.m2\repository\io\micrometer\micrometer-registry-prometheus\1.13.4\micrometer-registry-prometheus-1.13.4.jar;C:\Users\parim\.m2\repository\io\micrometer\micrometer-core\1.13.4\micrometer-core-1.13.4.jar;C:\Users\parim\.m2\repository\io\micrometer\micrometer-commons\1.13.4\micrometer-commons-1.13.4.jar;C:\Users\parim\.m2\repository\org\hdrhistogram\HdrHistogram\2.2.2\HdrHistogram-2.2.2.jar;C:\Users\parim\.m2\repository\org\latencyutils\LatencyUtils\2.0.3\LatencyUtils-2.0.3.jar;C:\Users\parim\.m2\repository\io\prometheus\prometheus-metrics-core\1.2.1\prometheus-metrics-core-1.2.1.jar;C:\Users\parim\.m2\repository\io\prometheus\prometheus-metrics-model\1.2.1\prometheus-metrics-model-1.2.1.jar;C:\Users\parim\.m2\repository\io\prometheus\prometheus-metrics-config\1.2.1\prometheus-metrics-config-1.2.1.jar;C:\Users\parim\.m2\repository\io\prometheus\prometheus-metrics-tracer-common\1.2.1\prometheus-metrics-tracer-common-1.2.1.jar;C:\Users\parim\.m2\repository\io\prometheus\prometheus-metrics-exposition-formats\1.2.1\prometheus-metrics-exposition-formats-1.2.1.jar;C:\Users\parim\.m2\repository\io\prometheus\prometheus-metrics-shaded-protobuf\1.2.1\prometheus-metrics-shaded-protobuf-1.2.1.jar;"/>
    <property name="sun.cpu.endian" value="little"/>
    <property name="user.home" value="C:\Users\parim"/>
    <property name="user.language" value="en"/>
    <property name="java.specification.vendor" value="Oracle Corporation"/>
    <property name="java.version.date" value="2024-04-16"/>
    <property name="java.home" value="C:\Program Files\Microsoft\jdk-17.0.11.9-hotspot"/>
    <property name="file.separator" value="\"/>
    <property name="basedir" value="D:\nishkaiv\proxyController\rest-template-gateway\nishkaiv"/>
    <property name="java.vm.compressedOopsMode" value="Zero based"/>
    <property name="line.separator" value="&#10;"/>
    <property name="java.vm.specification.vendor" value="Oracle Corporation"/>
    <property name="java.specification.name" value="Java Platform API Specification"/>
    <property name="FILE_LOG_CHARSET" value="windows-1252"/>
    <property name="java.awt.headless" value="true"/>
    <property name="surefire.real.class.path" value="C:\Users\parim\AppData\Local\Temp\surefire7440164370587734560\surefirebooter-20241010160019826_3.jar"/>
    <property name="user.script" value=""/>
    <property name="sun.management.compiler" value="HotSpot 64-Bit Tiered Compilers"/>
    <property name="java.runtime.version" value="17.0.11+9-LTS"/>
    <property name="user.name" value="parim"/>
    <property name="path.separator" value=";"/>
    <property name="os.version" value="10.0"/>
    <property name="java.runtime.name" value="OpenJDK Runtime Environment"/>
    <property name="file.encoding" value="Cp1252"/>
    <property name="java.vm.name" value="OpenJDK 64-Bit Server VM"/>
    <property name="java.vendor.version" value="Microsoft-9388408"/>
    <property name="localRepository" value="C:\Users\parim\.m2\repository"/>
    <property name="java.vendor.url.bug" value="https://github.com/microsoft/openjdk/issues"/>
    <property name="java.io.tmpdir" value="C:\Users\parim\AppData\Local\Temp\"/>
    <property name="java.version" value="17.0.11"/>
    <property name="user.dir" value="D:\nishkaiv\proxyController\rest-template-gateway\nishkaiv"/>
    <property name="os.arch" value="amd64"/>
    <property name="java.vm.specification.name" value="Java Virtual Machine Specification"/>
    <property name="PID" value="28252"/>
    <property name="sun.os.patch.level" value=""/>
    <property name="CONSOLE_LOG_CHARSET" value="windows-1252"/>
    <property name="native.encoding" value="Cp1252"/>
    <property name="java.library.path" value="C:\Program Files\Microsoft\jdk-17.0.11.9-hotspot\bin;C:\WINDOWS\Sun\Java\bin;C:\WINDOWS\system32;C:\WINDOWS;C:\Program Files\Microsoft\jdk-17.0.11.9-hotspot\bin;C:\Program Files\Common Files\Oracle\Java\javapath;C:\Program Files (x86)\Common Files\Oracle\Java\javapath;C:\Python310\Scripts\;C:\Python310\;C:\WINDOWS\system32;C:\WINDOWS;C:\WINDOWS\System32\Wbem;C:\WINDOWS\System32\WindowsPowerShell\v1.0\;C:\WINDOWS\System32\OpenSSH\;D:\nishkaiv\Softwares\Putty\;D:\nishkaiv\Softwares\AmazonAWS\;C:\Program Files\Git\cmd;C:\Program Files\;C:\Program Files\MongoDB\Server\7.0\bin;C:\Program Files\MySQL\MySQL Server 8.0\bin;C:\Program Files\Docker\Docker\resources\bin;C:\Program Files\MySQL\MySQL Server 8.0\bin;C:\Program Files\Java\jdk-22\bin;C:\Users\parim\AppData\Local\Android\Sdk\platform-tools;C:\Program Files\Microsoft\jdk-17.0.11.9-hotspot\bin;C:\Program Files\apache-maven-3.9.8\bin;C:\Program Files\dotnet\;D:\nishkaiv\Softwares\Scripts\;D:\nishkaiv\Softwares\;C:\Users\parim\AppData\Local\Microsoft\WindowsApps;C:\Program Files (x86)\Sophos\Sophos SSL VPN Client\bin;D:\nishkaiv\Softwares\Microsoft VS Code\bin;D:\nishkaiv\Softwares\apache-maven-3.9.1-bin\apache-maven-3.9.1\bin;C:\Users\parim\AppData\Roaming\npm;C:\Users\parim\AppData\Local\GitHubDesktop\bin;C:\Program Files\Java\jdk-22\bin;C:\Users\parim\OneDrive\Documents\flutter\bin;C:\Program Files\Microsoft\jdk-17.0.11.9-hotspot;;."/>
    <property name="java.vm.info" value="mixed mode, sharing"/>
    <property name="java.vendor" value="Microsoft"/>
    <property name="java.vm.version" value="17.0.11+9-LTS"/>
    <property name="sun.io.unicode.encoding" value="UnicodeLittle"/>
    <property name="java.class.version" value="61.0"/>
    <property name="LOGGED_APPLICATION_NAME" value="[nishkaiv] "/>
  </properties>
  <testcase name="contextLoads" classname="com.nishkaiv.nishkaiv.NishkaivApplicationTests" time="1.545">
    <system-out><![CDATA[16:00:21.815 [main] INFO org.springframework.test.context.support.AnnotationConfigContextLoaderUtils -- Could not detect default configuration classes for test class [com.nishkaiv.nishkaiv.NishkaivApplicationTests]: NishkaivApplicationTests does not declare any static, non-private, non-final, nested classes annotated with @Configuration.
16:00:22.009 [main] INFO org.springframework.boot.test.context.SpringBootTestContextBootstrapper -- Found @SpringBootConfiguration com.nishkaiv.nishkaiv.NishkaivApplication for test class com.nishkaiv.nishkaiv.NishkaivApplicationTests
16:00:22.394 [main] INFO org.springframework.boot.devtools.restart.RestartApplicationListener -- Restart disabled due to context in which it is running

  .   ____          _            __ _ _
 /\\ / ___'_ __ _ _(_)_ __  __ _ \ \ \ \
( ( )\___ | '_ | '_| | '_ \/ _` | \ \ \ \
 \\/  ___)| |_)| | | | | || (_| |  ) ) ) )
  '  |____| .__|_| |_|_| |_\__, | / / / /
 =========|_|==============|___/=/_/_/_/

 :: Spring Boot ::                (v3.3.4)

2024-10-10T16:00:22.951+05:30  INFO 28252 --- [nishkaiv] [           main] c.n.nishkaiv.NishkaivApplicationTests    : Starting NishkaivApplicationTests using Java 17.0.11 with PID 28252 (started by parim in D:\nishkaiv\proxyController\rest-template-gateway\nishkaiv)
2024-10-10T16:00:22.953+05:30  INFO 28252 --- [nishkaiv] [           main] c.n.nishkaiv.NishkaivApplicationTests    : No active profile set, falling back to 1 default profile: "default"
2024-10-10T16:00:24.889+05:30  WARN 28252 --- [nishkaiv] [           main] trationDelegate$BeanPostProcessorChecker : Bean 'io.opentelemetry.instrumentation.spring.autoconfigure.instrumentation.web.SpringWebInstrumentationAutoConfiguration' of type [io.opentelemetry.instrumentation.spring.autoconfigure.instrumentation.web.SpringWebInstrumentationAutoConfiguration$$SpringCGLIB$$0] is not eligible for getting processed by all BeanPostProcessors (for example: not eligible for auto-proxying). The currently created BeanPostProcessor [otelRestTemplateBeanPostProcessor] is declared through a non-static factory method on that class; consider declaring it as static instead.
2024-10-10T16:00:25.096+05:30  WARN 28252 --- [nishkaiv] [           main] trationDelegate$BeanPostProcessorChecker : Bean 'io.opentelemetry.instrumentation.spring.autoconfigure.OpenTelemetryAutoConfiguration$OpenTelemetrySdkConfig' of type [io.opentelemetry.instrumentation.spring.autoconfigure.OpenTelemetryAutoConfiguration$OpenTelemetrySdkConfig$$SpringCGLIB$$0] is not eligible for getting processed by all BeanPostProcessors (for example: not eligible for auto-proxying). Is this bean getting eagerly injected into a currently created BeanPostProcessor [otelRestTemplateBeanPostProcessor]? Check the corresponding BeanPostProcessor declaration and its dependencies.
2024-10-10T16:00:25.141+05:30  WARN 28252 --- [nishkaiv] [           main] trationDelegate$BeanPostProcessorChecker : Bean 'otel.traces.sampler-io.opentelemetry.instrumentation.spring.autoconfigure.SamplerProperties' of type [io.opentelemetry.instrumentation.spring.autoconfigure.SamplerProperties] is not eligible for getting processed by all BeanPostProcessors (for example: not eligible for auto-proxying). Is this bean getting eagerly injected into a currently created BeanPostProcessor [otelRestTemplateBeanPostProcessor]? Check the corresponding BeanPostProcessor declaration and its dependencies.
2024-10-10T16:00:25.160+05:30  WARN 28252 --- [nishkaiv] [           main] trationDelegate$BeanPostProcessorChecker : Bean 'io.opentelemetry.instrumentation.spring.autoconfigure.resources.OtelResourceAutoConfiguration' of type [io.opentelemetry.instrumentation.spring.autoconfigure.resources.OtelResourceAutoConfiguration$$SpringCGLIB$$0] is not eligible for getting processed by all BeanPostProcessors (for example: not eligible for auto-proxying). Is this bean getting eagerly injected into a currently created BeanPostProcessor [otelRestTemplateBeanPostProcessor]? Check the corresponding BeanPostProcessor declaration and its dependencies.
2024-10-10T16:00:25.166+05:30  WARN 28252 --- [nishkaiv] [           main] trationDelegate$BeanPostProcessorChecker : Bean 'otel.springboot.resource-io.opentelemetry.instrumentation.spring.autoconfigure.resources.OtelResourceProperties' of type [io.opentelemetry.instrumentation.spring.autoconfigure.resources.OtelResourceProperties] is not eligible for getting processed by all BeanPostProcessors (for example: not eligible for auto-proxying). Is this bean getting eagerly injected into a currently created BeanPostProcessor [otelRestTemplateBeanPostProcessor]? Check the corresponding BeanPostProcessor declaration and its dependencies.
2024-10-10T16:00:25.168+05:30  WARN 28252 --- [nishkaiv] [           main] trationDelegate$BeanPostProcessorChecker : Bean 'otelResourceProvider' of type [io.opentelemetry.instrumentation.spring.autoconfigure.resources.SpringResourceProvider] is not eligible for getting processed by all BeanPostProcessors (for example: not eligible for auto-proxying). Is this bean getting eagerly injected into a currently created BeanPostProcessor [otelRestTemplateBeanPostProcessor]? Check the corresponding BeanPostProcessor declaration and its dependencies.
2024-10-10T16:00:25.177+05:30  WARN 28252 --- [nishkaiv] [           main] trationDelegate$BeanPostProcessorChecker : Bean 'otelResource' of type [io.opentelemetry.sdk.resources.AutoValue_Resource] is not eligible for getting processed by all BeanPostProcessors (for example: not eligible for auto-proxying). Is this bean getting eagerly injected into a currently created BeanPostProcessor [otelRestTemplateBeanPostProcessor]? Check the corresponding BeanPostProcessor declaration and its dependencies.
2024-10-10T16:00:25.203+05:30  WARN 28252 --- [nishkaiv] [           main] trationDelegate$BeanPostProcessorChecker : Bean 'io.opentelemetry.instrumentation.spring.autoconfigure.exporters.otlp.OtlpSpanExporterAutoConfiguration' of type [io.opentelemetry.instrumentation.spring.autoconfigure.exporters.otlp.OtlpSpanExporterAutoConfiguration$$SpringCGLIB$$0] is not eligible for getting processed by all BeanPostProcessors (for example: not eligible for auto-proxying). Is this bean getting eagerly injected into a currently created BeanPostProcessor [otelRestTemplateBeanPostProcessor]? Check the corresponding BeanPostProcessor declaration and its dependencies.
2024-10-10T16:00:25.224+05:30  WARN 28252 --- [nishkaiv] [           main] trationDelegate$BeanPostProcessorChecker : Bean 'otel.exporter.otlp-io.opentelemetry.instrumentation.spring.autoconfigure.exporters.otlp.OtlpExporterProperties' of type [io.opentelemetry.instrumentation.spring.autoconfigure.exporters.otlp.OtlpExporterProperties] is not eligible for getting processed by all BeanPostProcessors (for example: not eligible for auto-proxying). Is this bean getting eagerly injected into a currently created BeanPostProcessor [otelRestTemplateBeanPostProcessor]? Check the corresponding BeanPostProcessor declaration and its dependencies.
2024-10-10T16:00:25.845+05:30  WARN 28252 --- [nishkaiv] [           main] trationDelegate$BeanPostProcessorChecker : Bean 'otelOtlpGrpcSpanExporter' of type [io.opentelemetry.exporter.otlp.trace.OtlpGrpcSpanExporter] is not eligible for getting processed by all BeanPostProcessors (for example: not eligible for auto-proxying). Is this bean getting eagerly injected into a currently created BeanPostProcessor [otelRestTemplateBeanPostProcessor]? Check the corresponding BeanPostProcessor declaration and its dependencies.
2024-10-10T16:00:25.888+05:30  WARN 28252 --- [nishkaiv] [           main] trationDelegate$BeanPostProcessorChecker : Bean 'sdkTracerProvider' of type [io.opentelemetry.sdk.trace.SdkTracerProvider] is not eligible for getting processed by all BeanPostProcessors (for example: not eligible for auto-proxying). Is this bean getting eagerly injected into a currently created BeanPostProcessor [otelRestTemplateBeanPostProcessor]? Check the corresponding BeanPostProcessor declaration and its dependencies.
2024-10-10T16:00:25.894+05:30  WARN 28252 --- [nishkaiv] [           main] trationDelegate$BeanPostProcessorChecker : Bean 'otel.metric.export-io.opentelemetry.instrumentation.spring.autoconfigure.MetricExportProperties' of type [io.opentelemetry.instrumentation.spring.autoconfigure.MetricExportProperties] is not eligible for getting processed by all BeanPostProcessors (for example: not eligible for auto-proxying). Is this bean getting eagerly injected into a currently created BeanPostProcessor [otelRestTemplateBeanPostProcessor]? Check the corresponding BeanPostProcessor declaration and its dependencies.
2024-10-10T16:00:25.900+05:30  WARN 28252 --- [nishkaiv] [           main] trationDelegate$BeanPostProcessorChecker : Bean 'io.opentelemetry.instrumentation.spring.autoconfigure.exporters.otlp.OtlpMetricExporterAutoConfiguration' of type [io.opentelemetry.instrumentation.spring.autoconfigure.exporters.otlp.OtlpMetricExporterAutoConfiguration$$SpringCGLIB$$0] is not eligible for getting processed by all BeanPostProcessors (for example: not eligible for auto-proxying). Is this bean getting eagerly injected into a currently created BeanPostProcessor [otelRestTemplateBeanPostProcessor]? Check the corresponding BeanPostProcessor declaration and its dependencies.
2024-10-10T16:00:25.916+05:30  WARN 28252 --- [nishkaiv] [           main] trationDelegate$BeanPostProcessorChecker : Bean 'otelOtlpGrpcMetricExporter' of type [io.opentelemetry.exporter.otlp.metrics.OtlpGrpcMetricExporter] is not eligible for getting processed by all BeanPostProcessors (for example: not eligible for auto-proxying). Is this bean getting eagerly injected into a currently created BeanPostProcessor [otelRestTemplateBeanPostProcessor]? Check the corresponding BeanPostProcessor declaration and its dependencies.
2024-10-10T16:00:25.958+05:30  WARN 28252 --- [nishkaiv] [           main] trationDelegate$BeanPostProcessorChecker : Bean 'sdkMeterProvider' of type [io.opentelemetry.sdk.metrics.SdkMeterProvider] is not eligible for getting processed by all BeanPostProcessors (for example: not eligible for auto-proxying). Is this bean getting eagerly injected into a currently created BeanPostProcessor [otelRestTemplateBeanPostProcessor]? Check the corresponding BeanPostProcessor declaration and its dependencies.
2024-10-10T16:00:25.967+05:30  WARN 28252 --- [nishkaiv] [           main] trationDelegate$BeanPostProcessorChecker : Bean 'io.opentelemetry.instrumentation.spring.autoconfigure.exporters.otlp.OtlpLoggerExporterAutoConfiguration' of type [io.opentelemetry.instrumentation.spring.autoconfigure.exporters.otlp.OtlpLoggerExporterAutoConfiguration] is not eligible for getting processed by all BeanPostProcessors (for example: not eligible for auto-proxying). Is this bean getting eagerly injected into a currently created BeanPostProcessor [otelRestTemplateBeanPostProcessor]? Check the corresponding BeanPostProcessor declaration and its dependencies.
2024-10-10T16:00:26.028+05:30  WARN 28252 --- [nishkaiv] [           main] trationDelegate$BeanPostProcessorChecker : Bean 'otelOtlpGrpcLogRecordExporter' of type [io.opentelemetry.exporter.otlp.logs.OtlpGrpcLogRecordExporter] is not eligible for getting processed by all BeanPostProcessors (for example: not eligible for auto-proxying). Is this bean getting eagerly injected into a currently created BeanPostProcessor [otelRestTemplateBeanPostProcessor]? Check the corresponding BeanPostProcessor declaration and its dependencies.
2024-10-10T16:00:26.050+05:30  WARN 28252 --- [nishkaiv] [           main] trationDelegate$BeanPostProcessorChecker : Bean 'sdkLoggerProvider' of type [io.opentelemetry.sdk.logs.SdkLoggerProvider] is not eligible for getting processed by all BeanPostProcessors (for example: not eligible for auto-proxying). Is this bean getting eagerly injected into a currently created BeanPostProcessor [otelRestTemplateBeanPostProcessor]? Check the corresponding BeanPostProcessor declaration and its dependencies.
2024-10-10T16:00:26.055+05:30  WARN 28252 --- [nishkaiv] [           main] trationDelegate$BeanPostProcessorChecker : Bean 'io.opentelemetry.instrumentation.spring.autoconfigure.propagators.PropagationAutoConfiguration' of type [io.opentelemetry.instrumentation.spring.autoconfigure.propagators.PropagationAutoConfiguration$$SpringCGLIB$$0] is not eligible for getting processed by all BeanPostProcessors (for example: not eligible for auto-proxying). Is this bean getting eagerly injected into a currently created BeanPostProcessor [otelRestTemplateBeanPostProcessor]? Check the corresponding BeanPostProcessor declaration and its dependencies.
2024-10-10T16:00:26.058+05:30  WARN 28252 --- [nishkaiv] [           main] trationDelegate$BeanPostProcessorChecker : Bean 'io.opentelemetry.instrumentation.spring.autoconfigure.propagators.PropagationAutoConfiguration$PropagatorsConfiguration' of type [io.opentelemetry.instrumentation.spring.autoconfigure.propagators.PropagationAutoConfiguration$PropagatorsConfiguration$$SpringCGLIB$$0] is not eligible for getting processed by all BeanPostProcessors (for example: not eligible for auto-proxying). Is this bean getting eagerly injected into a currently created BeanPostProcessor [otelRestTemplateBeanPostProcessor]? Check the corresponding BeanPostProcessor declaration and its dependencies.
2024-10-10T16:00:26.099+05:30  WARN 28252 --- [nishkaiv] [           main] trationDelegate$BeanPostProcessorChecker : Bean 'otel.propagation-io.opentelemetry.instrumentation.spring.autoconfigure.propagators.PropagationProperties' of type [io.opentelemetry.instrumentation.spring.autoconfigure.propagators.PropagationProperties] is not eligible for getting processed by all BeanPostProcessors (for example: not eligible for auto-proxying). Is this bean getting eagerly injected into a currently created BeanPostProcessor [otelRestTemplateBeanPostProcessor]? Check the corresponding BeanPostProcessor declaration and its dependencies.
2024-10-10T16:00:26.147+05:30  WARN 28252 --- [nishkaiv] [           main] trationDelegate$BeanPostProcessorChecker : Bean 'compositeTextMapPropagator' of type [io.opentelemetry.context.propagation.MultiTextMapPropagator] is not eligible for getting processed by all BeanPostProcessors (for example: not eligible for auto-proxying). Is this bean getting eagerly injected into a currently created BeanPostProcessor [otelRestTemplateBeanPostProcessor]? Check the corresponding BeanPostProcessor declaration and its dependencies.
2024-10-10T16:00:26.151+05:30  WARN 28252 --- [nishkaiv] [           main] trationDelegate$BeanPostProcessorChecker : Bean 'contextPropagators' of type [io.opentelemetry.context.propagation.DefaultContextPropagators] is not eligible for getting processed by all BeanPostProcessors (for example: not eligible for auto-proxying). Is this bean getting eagerly injected into a currently created BeanPostProcessor [otelRestTemplateBeanPostProcessor]? Check the corresponding BeanPostProcessor declaration and its dependencies.
2024-10-10T16:00:26.158+05:30  WARN 28252 --- [nishkaiv] [           main] trationDelegate$BeanPostProcessorChecker : Bean 'openTelemetry' of type [io.opentelemetry.sdk.OpenTelemetrySdk] is not eligible for getting processed by all BeanPostProcessors (for example: not eligible for auto-proxying). Is this bean getting eagerly injected into a currently created BeanPostProcessor [otelRestTemplateBeanPostProcessor]? Check the corresponding BeanPostProcessor declaration and its dependencies.
2024-10-10T16:00:27.673+05:30  INFO 28252 --- [nishkaiv] [           main] c.n.nishkaiv.NishkaivApplicationTests    : Started NishkaivApplicationTests in 5.309 seconds (process running for 7.367)
]]></system-out>
  </testcase>
</testsuite>